android/app/build/intermediates/manifest_merge_blame_file/debug/manifest-merger-blame-debug-report.txt
1<?xml version="1.0" encoding="utf-8"?>
2<manifest xmlns:android="http://schemas.android.com/apk/res/android"
3    package="com.realcan"
4    android:versionCode="1"
5    android:versionName="1.0" >
6
7    <uses-sdk
8        android:minSdkVersion="21"
9        android:targetSdkVersion="33" />
10
11    <uses-permission android:name="android.permission.SYSTEM_ALERT_WINDOW" />
11-->src/debug/AndroidManifest.xml:5:5-77
11-->src/debug/AndroidManifest.xml:5:22-75
12    <uses-permission android:name="android.permission.INTERNET" />
12-->src/main/AndroidManifest.xml:3:5-67
12-->src/main/AndroidManifest.xml:3:22-64
13    <uses-permission android:name="android.permission.INTERNET" />
13-->src/main/AndroidManifest.xml:3:5-67
13-->src/main/AndroidManifest.xml:3:22-64
14    <uses-permission android:name="android.permission.ACCESS_WIFI_STATE" />
14-->[com.facebook.flipper:flipper:0.182.0] AndroidManifest.xml:16:5-76
14-->[com.facebook.flipper:flipper:0.182.0] AndroidManifest.xml:16:22-73
15    <uses-permission android:name="android.permission.ACCESS_NETWORK_STATE" />
15-->[:react-native-community_netinfo] AndroidManifest.xml:7:5-79
15-->[:react-native-community_netinfo] AndroidManifest.xml:7:22-76
16    <uses-permission android:name="android.permission.WAKE_LOCK" />
16-->[com.google.android.gms:play-services-measurement-api:21.5.0] AndroidManifest.xml:24:5-68
16-->[com.google.android.gms:play-services-measurement-api:21.5.0] AndroidManifest.xml:24:22-65
17    <uses-permission android:name="com.google.android.gms.permission.AD_ID" />
17-->[com.google.android.gms:play-services-measurement-api:21.5.0] AndroidManifest.xml:25:5-79
17-->[com.google.android.gms:play-services-measurement-api:21.5.0] AndroidManifest.xml:25:22-76
18    <uses-permission android:name="android.permission.ACCESS_ADSERVICES_ATTRIBUTION" />
18-->[com.google.android.gms:play-services-measurement-api:21.5.0] AndroidManifest.xml:26:5-88
18-->[com.google.android.gms:play-services-measurement-api:21.5.0] AndroidManifest.xml:26:22-85
19    <uses-permission android:name="android.permission.ACCESS_ADSERVICES_AD_ID" />
19-->[com.google.android.gms:play-services-measurement-api:21.5.0] AndroidManifest.xml:27:5-82
19-->[com.google.android.gms:play-services-measurement-api:21.5.0] AndroidManifest.xml:27:22-79
20
21    <queries>
21-->[com.facebook.android:facebook-common:16.3.0] AndroidManifest.xml:17:5-19:15
22        <package android:name="com.facebook.katana" />
22-->[com.facebook.android:facebook-common:16.3.0] AndroidManifest.xml:18:9-55
22-->[com.facebook.android:facebook-common:16.3.0] AndroidManifest.xml:18:18-52
23        <!-- Needs to be explicitly declared on Android R+ -->
24        <package android:name="com.google.android.apps.maps" />
24-->[com.google.android.gms:play-services-maps:18.0.2] AndroidManifest.xml:33:9-64
24-->[com.google.android.gms:play-services-maps:18.0.2] AndroidManifest.xml:33:18-61
25    </queries>
26
27    <uses-feature
27-->[com.google.android.gms:play-services-maps:18.0.2] AndroidManifest.xml:26:5-28:35
28        android:glEsVersion="0x00020000"
28-->[com.google.android.gms:play-services-maps:18.0.2] AndroidManifest.xml:27:9-41
29        android:required="true" />
29-->[com.google.android.gms:play-services-maps:18.0.2] AndroidManifest.xml:28:9-32
30
31    <uses-permission android:name="com.google.android.finsky.permission.BIND_GET_INSTALL_REFERRER_SERVICE" />
31-->[com.google.android.gms:play-services-measurement:21.5.0] AndroidManifest.xml:26:5-110
31-->[com.google.android.gms:play-services-measurement:21.5.0] AndroidManifest.xml:26:22-107
32    <uses-permission android:name="android.permission.RECEIVE_BOOT_COMPLETED" />
32-->[androidx.work:work-runtime:2.7.1] AndroidManifest.xml:27:5-81
32-->[androidx.work:work-runtime:2.7.1] AndroidManifest.xml:27:22-78
33    <uses-permission android:name="android.permission.FOREGROUND_SERVICE" />
33-->[androidx.work:work-runtime:2.7.1] AndroidManifest.xml:28:5-77
33-->[androidx.work:work-runtime:2.7.1] AndroidManifest.xml:28:22-74
34
35    <permission
35-->[androidx.core:core:1.9.0] AndroidManifest.xml:22:5-24:47
36        android:name="com.realcan.DYNAMIC_RECEIVER_NOT_EXPORTED_PERMISSION"
36-->[androidx.core:core:1.9.0] AndroidManifest.xml:23:9-81
37        android:protectionLevel="signature" />
37-->[androidx.core:core:1.9.0] AndroidManifest.xml:24:9-44
38
39    <uses-permission android:name="com.realcan.DYNAMIC_RECEIVER_NOT_EXPORTED_PERMISSION" />
39-->[androidx.core:core:1.9.0] AndroidManifest.xml:26:5-97
39-->[androidx.core:core:1.9.0] AndroidManifest.xml:26:22-94
40
41    <application
41-->src/main/AndroidManifest.xml:6:5-31:19
42        android:name="com.realcan.MainApplication"
42-->src/main/AndroidManifest.xml:7:7-38
43        android:allowBackup="false"
43-->src/main/AndroidManifest.xml:11:7-34
44        android:appComponentFactory="androidx.core.app.CoreComponentFactory"
44-->[androidx.core:core:1.9.0] AndroidManifest.xml:28:18-86
45        android:debuggable="true"
46        android:icon="@mipmap/ic_launcher"
46-->src/main/AndroidManifest.xml:9:7-41
47        android:label="@string/app_name"
47-->src/main/AndroidManifest.xml:8:7-39
48        android:roundIcon="@mipmap/ic_launcher_round"
48-->src/main/AndroidManifest.xml:10:7-52
49        android:supportsRtl="true"
49-->[com.facebook.android:facebook-android-sdk:16.3.0] AndroidManifest.xml:16:18-44
50        android:theme="@style/AppTheme"
50-->src/main/AndroidManifest.xml:12:7-38
51        android:usesCleartextTraffic="true" >
51-->src/debug/AndroidManifest.xml:8:9-44
52        <activity
52-->src/debug/AndroidManifest.xml:11:9-111
53            android:name="com.facebook.react.devsupport.DevSettingsActivity"
53-->src/debug/AndroidManifest.xml:11:19-83
54            android:exported="false" />
54-->src/debug/AndroidManifest.xml:11:84-108
55        <activity
55-->src/main/AndroidManifest.xml:13:7-25:18
56            android:name="com.realcan.MainActivity"
56-->src/main/AndroidManifest.xml:14:9-37
57            android:configChanges="keyboard|keyboardHidden|orientation|screenLayout|screenSize|smallestScreenSize|uiMode"
57-->src/main/AndroidManifest.xml:16:9-118
58            android:exported="true"
58-->src/main/AndroidManifest.xml:19:9-32
59            android:label="@string/app_name"
59-->src/main/AndroidManifest.xml:15:9-41
60            android:launchMode="singleTask"
60-->src/main/AndroidManifest.xml:17:9-40
61            android:windowSoftInputMode="stateAlwaysHidden|adjustPan|adjustResize" >
61-->src/main/AndroidManifest.xml:18:8-78
62            <intent-filter>
62-->src/main/AndroidManifest.xml:21:9-24:25
63                <action android:name="android.intent.action.MAIN" />
63-->src/main/AndroidManifest.xml:22:13-65
63-->src/main/AndroidManifest.xml:22:21-62
64
65                <category android:name="android.intent.category.LAUNCHER" />
65-->src/main/AndroidManifest.xml:23:13-73
65-->src/main/AndroidManifest.xml:23:23-70
66            </intent-filter>
67        </activity>
68
69        <meta-data
69-->src/main/AndroidManifest.xml:26:7-28:63
70            android:name="com.google.android.geo.API_KEY"
70-->src/main/AndroidManifest.xml:27:6-51
71            android:value="AIzaSyAxtE4I3je6OVvbixRzYLBy0RpKDoeO6nM" />
71-->src/main/AndroidManifest.xml:28:6-61
72        <meta-data
72-->src/main/AndroidManifest.xml:29:7-105
73            android:name="com.facebook.sdk.ApplicationId"
73-->src/main/AndroidManifest.xml:29:18-63
74            android:value="@string/facebook_app_id" />
74-->src/main/AndroidManifest.xml:29:64-103
75        <meta-data
75-->src/main/AndroidManifest.xml:30:7-109
76            android:name="com.facebook.sdk.ClientToken"
76-->src/main/AndroidManifest.xml:30:18-61
77            android:value="@string/facebook_client_token" />
77-->src/main/AndroidManifest.xml:30:62-107
78
79        <property
79-->[com.google.android.gms:play-services-measurement-api:21.5.0] AndroidManifest.xml:30:9-32:61
80            android:name="android.adservices.AD_SERVICES_CONFIG"
80-->[com.google.android.gms:play-services-measurement-api:21.5.0] AndroidManifest.xml:31:13-65
81            android:resource="@xml/ga_ad_services_config" />
81-->[com.google.android.gms:play-services-measurement-api:21.5.0] AndroidManifest.xml:32:13-58
82
83        <service
83-->[com.google.android.gms:play-services-measurement-api:21.5.0] AndroidManifest.xml:34:9-40:19
84            android:name="com.google.firebase.components.ComponentDiscoveryService"
84-->[com.google.android.gms:play-services-measurement-api:21.5.0] AndroidManifest.xml:35:13-84
85            android:directBootAware="true"
85-->[com.google.firebase:firebase-common:20.4.2] AndroidManifest.xml:32:13-43
86            android:exported="false" >
86-->[com.google.android.gms:play-services-measurement-api:21.5.0] AndroidManifest.xml:36:13-37
87            <meta-data
87-->[com.google.android.gms:play-services-measurement-api:21.5.0] AndroidManifest.xml:37:13-39:85
88                android:name="com.google.firebase.components:com.google.firebase.analytics.connector.internal.AnalyticsConnectorRegistrar"
88-->[com.google.android.gms:play-services-measurement-api:21.5.0] AndroidManifest.xml:38:17-139
89                android:value="com.google.firebase.components.ComponentRegistrar" />
89-->[com.google.android.gms:play-services-measurement-api:21.5.0] AndroidManifest.xml:39:17-82
90            <meta-data
90-->[com.google.firebase:firebase-installations:17.2.0] AndroidManifest.xml:15:13-17:85
91                android:name="com.google.firebase.components:com.google.firebase.installations.FirebaseInstallationsKtxRegistrar"
91-->[com.google.firebase:firebase-installations:17.2.0] AndroidManifest.xml:16:17-130
92                android:value="com.google.firebase.components.ComponentRegistrar" />
92-->[com.google.firebase:firebase-installations:17.2.0] AndroidManifest.xml:17:17-82
93            <meta-data
93-->[com.google.firebase:firebase-installations:17.2.0] AndroidManifest.xml:18:13-20:85
94                android:name="com.google.firebase.components:com.google.firebase.installations.FirebaseInstallationsRegistrar"
94-->[com.google.firebase:firebase-installations:17.2.0] AndroidManifest.xml:19:17-127
95                android:value="com.google.firebase.components.ComponentRegistrar" />
95-->[com.google.firebase:firebase-installations:17.2.0] AndroidManifest.xml:20:17-82
96            <meta-data
96-->[com.google.firebase:firebase-common-ktx:20.4.2] AndroidManifest.xml:12:13-14:85
97                android:name="com.google.firebase.components:com.google.firebase.ktx.FirebaseCommonLegacyRegistrar"
97-->[com.google.firebase:firebase-common-ktx:20.4.2] AndroidManifest.xml:13:17-116
98                android:value="com.google.firebase.components.ComponentRegistrar" />
98-->[com.google.firebase:firebase-common-ktx:20.4.2] AndroidManifest.xml:14:17-82
99            <meta-data
99-->[com.google.firebase:firebase-common:20.4.2] AndroidManifest.xml:35:13-37:85
100                android:name="com.google.firebase.components:com.google.firebase.FirebaseCommonKtxRegistrar"
100-->[com.google.firebase:firebase-common:20.4.2] AndroidManifest.xml:36:17-109
101                android:value="com.google.firebase.components.ComponentRegistrar" />
101-->[com.google.firebase:firebase-common:20.4.2] AndroidManifest.xml:37:17-82
102        </service>
103
104        <provider
104-->[com.google.firebase:firebase-common:20.4.2] AndroidManifest.xml:23:9-28:39
105            android:name="com.google.firebase.provider.FirebaseInitProvider"
105-->[com.google.firebase:firebase-common:20.4.2] AndroidManifest.xml:24:13-77
106            android:authorities="com.realcan.firebaseinitprovider"
106-->[com.google.firebase:firebase-common:20.4.2] AndroidManifest.xml:25:13-72
107            android:directBootAware="true"
107-->[com.google.firebase:firebase-common:20.4.2] AndroidManifest.xml:26:13-43
108            android:exported="false"
108-->[com.google.firebase:firebase-common:20.4.2] AndroidManifest.xml:27:13-37
109            android:initOrder="100" />
109-->[com.google.firebase:firebase-common:20.4.2] AndroidManifest.xml:28:13-36
110
111        <meta-data
111-->[com.github.bumptech.glide:okhttp3-integration:4.12.0] AndroidManifest.xml:11:9-13:43
112            android:name="com.bumptech.glide.integration.okhttp3.OkHttpGlideModule"
112-->[com.github.bumptech.glide:okhttp3-integration:4.12.0] AndroidManifest.xml:12:13-84
113            android:value="GlideModule" />
113-->[com.github.bumptech.glide:okhttp3-integration:4.12.0] AndroidManifest.xml:13:13-40
114
115        <activity
115-->[com.facebook.android:facebook-common:16.3.0] AndroidManifest.xml:22:9-25:66
116            android:name="com.facebook.FacebookActivity"
116-->[com.facebook.android:facebook-common:16.3.0] AndroidManifest.xml:23:13-57
117            android:configChanges="keyboard|keyboardHidden|screenLayout|screenSize|orientation"
117-->[com.facebook.android:facebook-common:16.3.0] AndroidManifest.xml:24:13-96
118            android:theme="@style/com_facebook_activity_theme" />
118-->[com.facebook.android:facebook-common:16.3.0] AndroidManifest.xml:25:13-63
119        <activity android:name="com.facebook.CustomTabMainActivity" />
119-->[com.facebook.android:facebook-common:16.3.0] AndroidManifest.xml:26:9-71
119-->[com.facebook.android:facebook-common:16.3.0] AndroidManifest.xml:26:19-68
120        <activity
120-->[com.facebook.android:facebook-common:16.3.0] AndroidManifest.xml:27:9-41:20
121            android:name="com.facebook.CustomTabActivity"
121-->[com.facebook.android:facebook-common:16.3.0] AndroidManifest.xml:28:13-58
122            android:exported="true" >
122-->[com.facebook.android:facebook-common:16.3.0] AndroidManifest.xml:29:13-36
123            <intent-filter>
123-->[com.facebook.android:facebook-common:16.3.0] AndroidManifest.xml:31:13-40:29
124                <action android:name="android.intent.action.VIEW" />
124-->[com.facebook.android:facebook-common:16.3.0] AndroidManifest.xml:32:17-69
124-->[com.facebook.android:facebook-common:16.3.0] AndroidManifest.xml:32:25-66
125
126                <category android:name="android.intent.category.DEFAULT" />
126-->[com.facebook.android:facebook-common:16.3.0] AndroidManifest.xml:34:17-76
126-->[com.facebook.android:facebook-common:16.3.0] AndroidManifest.xml:34:27-73
127                <category android:name="android.intent.category.BROWSABLE" />
127-->[com.facebook.android:facebook-common:16.3.0] AndroidManifest.xml:35:17-78
127-->[com.facebook.android:facebook-common:16.3.0] AndroidManifest.xml:35:27-75
128
129                <data
129-->[com.facebook.android:facebook-common:16.3.0] AndroidManifest.xml:37:17-39:50
130                    android:host="cct.com.realcan"
130-->[com.facebook.android:facebook-common:16.3.0] AndroidManifest.xml:38:21-56
131                    android:scheme="fbconnect" />
131-->[com.facebook.android:facebook-common:16.3.0] AndroidManifest.xml:39:21-47
132            </intent-filter>
133        </activity>
134        <!--
135         The initialization ContentProvider will call FacebookSdk.sdkInitialize automatically
136         with the application context. This config is merged in with the host app's manifest,
137         but there can only be one provider with the same authority activated at any given
138         point; so if the end user has two or more different apps that use Facebook SDK, only the
139         first one will be able to use the provider. To work around this problem, we use the
140         following placeholder in the authority to identify each host application as if it was
141         a completely different provider.
142        -->
143        <provider
143-->[com.facebook.android:facebook-core:16.3.0] AndroidManifest.xml:29:9-32:40
144            android:name="com.facebook.internal.FacebookInitProvider"
144-->[com.facebook.android:facebook-core:16.3.0] AndroidManifest.xml:30:13-70
145            android:authorities="com.realcan.FacebookInitProvider"
145-->[com.facebook.android:facebook-core:16.3.0] AndroidManifest.xml:31:13-72
146            android:exported="false" />
146-->[com.facebook.android:facebook-core:16.3.0] AndroidManifest.xml:32:13-37
147
148        <receiver
148-->[com.facebook.android:facebook-core:16.3.0] AndroidManifest.xml:34:9-40:20
149            android:name="com.facebook.CurrentAccessTokenExpirationBroadcastReceiver"
149-->[com.facebook.android:facebook-core:16.3.0] AndroidManifest.xml:35:13-86
150            android:exported="false" >
150-->[com.facebook.android:facebook-core:16.3.0] AndroidManifest.xml:36:13-37
151            <intent-filter>
151-->[com.facebook.android:facebook-core:16.3.0] AndroidManifest.xml:37:13-39:29
152                <action android:name="com.facebook.sdk.ACTION_CURRENT_ACCESS_TOKEN_CHANGED" />
152-->[com.facebook.android:facebook-core:16.3.0] AndroidManifest.xml:38:17-95
152-->[com.facebook.android:facebook-core:16.3.0] AndroidManifest.xml:38:25-92
153            </intent-filter>
154        </receiver>
155        <receiver
155-->[com.facebook.android:facebook-core:16.3.0] AndroidManifest.xml:41:9-47:20
156            android:name="com.facebook.AuthenticationTokenManager$CurrentAuthenticationTokenChangedBroadcastReceiver"
156-->[com.facebook.android:facebook-core:16.3.0] AndroidManifest.xml:42:13-118
157            android:exported="false" >
157-->[com.facebook.android:facebook-core:16.3.0] AndroidManifest.xml:43:13-37
158            <intent-filter>
158-->[com.facebook.android:facebook-core:16.3.0] AndroidManifest.xml:44:13-46:29
159                <action android:name="com.facebook.sdk.ACTION_CURRENT_AUTHENTICATION_TOKEN_CHANGED" />
159-->[com.facebook.android:facebook-core:16.3.0] AndroidManifest.xml:45:17-103
159-->[com.facebook.android:facebook-core:16.3.0] AndroidManifest.xml:45:25-100
160            </intent-filter>
161        </receiver>
162
163        <activity
163-->[com.google.android.gms:play-services-auth:20.5.0] AndroidManifest.xml:23:9-27:75
164            android:name="com.google.android.gms.auth.api.signin.internal.SignInHubActivity"
164-->[com.google.android.gms:play-services-auth:20.5.0] AndroidManifest.xml:24:13-93
165            android:excludeFromRecents="true"
165-->[com.google.android.gms:play-services-auth:20.5.0] AndroidManifest.xml:25:13-46
166            android:exported="false"
166-->[com.google.android.gms:play-services-auth:20.5.0] AndroidManifest.xml:26:13-37
167            android:theme="@android:style/Theme.Translucent.NoTitleBar" />
167-->[com.google.android.gms:play-services-auth:20.5.0] AndroidManifest.xml:27:13-72
168        <!--
169            Service handling Google Sign-In user revocation. For apps that do not integrate with
170            Google Sign-In, this service will never be started.
171        -->
172        <service
172-->[com.google.android.gms:play-services-auth:20.5.0] AndroidManifest.xml:33:9-37:51
173            android:name="com.google.android.gms.auth.api.signin.RevocationBoundService"
173-->[com.google.android.gms:play-services-auth:20.5.0] AndroidManifest.xml:34:13-89
174            android:exported="true"
174-->[com.google.android.gms:play-services-auth:20.5.0] AndroidManifest.xml:35:13-36
175            android:permission="com.google.android.gms.auth.api.signin.permission.REVOCATION_NOTIFICATION"
175-->[com.google.android.gms:play-services-auth:20.5.0] AndroidManifest.xml:36:13-107
176            android:visibleToInstantApps="true" /> <!-- Needs to be explicitly declared on P+ -->
176-->[com.google.android.gms:play-services-auth:20.5.0] AndroidManifest.xml:37:13-48
177        <uses-library
177-->[com.google.android.gms:play-services-maps:18.0.2] AndroidManifest.xml:39:9-41:40
178            android:name="org.apache.http.legacy"
178-->[com.google.android.gms:play-services-maps:18.0.2] AndroidManifest.xml:40:13-50
179            android:required="false" />
179-->[com.google.android.gms:play-services-maps:18.0.2] AndroidManifest.xml:41:13-37
180
181        <activity
181-->[com.google.android.gms:play-services-base:18.1.0] AndroidManifest.xml:20:9-22:45
182            android:name="com.google.android.gms.common.api.GoogleApiActivity"
182-->[com.google.android.gms:play-services-base:18.1.0] AndroidManifest.xml:20:19-85
183            android:exported="false"
183-->[com.google.android.gms:play-services-base:18.1.0] AndroidManifest.xml:22:19-43
184            android:theme="@android:style/Theme.Translucent.NoTitleBar" />
184-->[com.google.android.gms:play-services-base:18.1.0] AndroidManifest.xml:21:19-78
185
186        <receiver
186-->[com.google.android.gms:play-services-measurement:21.5.0] AndroidManifest.xml:29:9-33:20
187            android:name="com.google.android.gms.measurement.AppMeasurementReceiver"
187-->[com.google.android.gms:play-services-measurement:21.5.0] AndroidManifest.xml:30:13-85
188            android:enabled="true"
188-->[com.google.android.gms:play-services-measurement:21.5.0] AndroidManifest.xml:31:13-35
189            android:exported="false" >
189-->[com.google.android.gms:play-services-measurement:21.5.0] AndroidManifest.xml:32:13-37
190        </receiver>
191
192        <service
192-->[com.google.android.gms:play-services-measurement:21.5.0] AndroidManifest.xml:35:9-38:40
193            android:name="com.google.android.gms.measurement.AppMeasurementService"
193-->[com.google.android.gms:play-services-measurement:21.5.0] AndroidManifest.xml:36:13-84
194            android:enabled="true"
194-->[com.google.android.gms:play-services-measurement:21.5.0] AndroidManifest.xml:37:13-35
195            android:exported="false" />
195-->[com.google.android.gms:play-services-measurement:21.5.0] AndroidManifest.xml:38:13-37
196        <service
196-->[com.google.android.gms:play-services-measurement:21.5.0] AndroidManifest.xml:39:9-43:72
197            android:name="com.google.android.gms.measurement.AppMeasurementJobService"
197-->[com.google.android.gms:play-services-measurement:21.5.0] AndroidManifest.xml:40:13-87
198            android:enabled="true"
198-->[com.google.android.gms:play-services-measurement:21.5.0] AndroidManifest.xml:41:13-35
199            android:exported="false"
199-->[com.google.android.gms:play-services-measurement:21.5.0] AndroidManifest.xml:42:13-37
200            android:permission="android.permission.BIND_JOB_SERVICE" />
200-->[com.google.android.gms:play-services-measurement:21.5.0] AndroidManifest.xml:43:13-69
201
202        <uses-library
202-->[androidx.privacysandbox.ads:ads-adservices:1.0.0-beta05] AndroidManifest.xml:23:9-25:40
203            android:name="android.ext.adservices"
203-->[androidx.privacysandbox.ads:ads-adservices:1.0.0-beta05] AndroidManifest.xml:24:13-50
204            android:required="false" />
204-->[androidx.privacysandbox.ads:ads-adservices:1.0.0-beta05] AndroidManifest.xml:25:13-37
205
206        <meta-data
206-->[com.google.android.gms:play-services-basement:18.2.0] AndroidManifest.xml:21:9-23:69
207            android:name="com.google.android.gms.version"
207-->[com.google.android.gms:play-services-basement:18.2.0] AndroidManifest.xml:22:13-58
208            android:value="@integer/google_play_services_version" />
208-->[com.google.android.gms:play-services-basement:18.2.0] AndroidManifest.xml:23:13-66
209
210        <provider
210-->[androidx.work:work-runtime:2.7.1] AndroidManifest.xml:31:9-39:20
211            android:name="androidx.startup.InitializationProvider"
211-->[androidx.work:work-runtime:2.7.1] AndroidManifest.xml:32:13-67
212            android:authorities="com.realcan.androidx-startup"
212-->[androidx.work:work-runtime:2.7.1] AndroidManifest.xml:33:13-68
213            android:exported="false" >
213-->[androidx.work:work-runtime:2.7.1] AndroidManifest.xml:34:13-37
214            <meta-data
214-->[androidx.work:work-runtime:2.7.1] AndroidManifest.xml:36:13-38:52
215                android:name="androidx.work.WorkManagerInitializer"
215-->[androidx.work:work-runtime:2.7.1] AndroidManifest.xml:37:17-68
216                android:value="androidx.startup" />
216-->[androidx.work:work-runtime:2.7.1] AndroidManifest.xml:38:17-49
217            <meta-data
217-->[androidx.emoji2:emoji2:1.2.0] AndroidManifest.xml:29:13-31:52
218                android:name="androidx.emoji2.text.EmojiCompatInitializer"
218-->[androidx.emoji2:emoji2:1.2.0] AndroidManifest.xml:30:17-75
219                android:value="androidx.startup" />
219-->[androidx.emoji2:emoji2:1.2.0] AndroidManifest.xml:31:17-49
220            <meta-data
220-->[androidx.lifecycle:lifecycle-process:2.4.1] AndroidManifest.xml:31:13-33:52
221                android:name="androidx.lifecycle.ProcessLifecycleInitializer"
221-->[androidx.lifecycle:lifecycle-process:2.4.1] AndroidManifest.xml:32:17-78
222                android:value="androidx.startup" />
222-->[androidx.lifecycle:lifecycle-process:2.4.1] AndroidManifest.xml:33:17-49
223        </provider>
224
225        <service
225-->[androidx.work:work-runtime:2.7.1] AndroidManifest.xml:41:9-46:35
226            android:name="androidx.work.impl.background.systemalarm.SystemAlarmService"
226-->[androidx.work:work-runtime:2.7.1] AndroidManifest.xml:42:13-88
227            android:directBootAware="false"
227-->[androidx.work:work-runtime:2.7.1] AndroidManifest.xml:43:13-44
228            android:enabled="@bool/enable_system_alarm_service_default"
228-->[androidx.work:work-runtime:2.7.1] AndroidManifest.xml:44:13-72
229            android:exported="false" />
229-->[androidx.work:work-runtime:2.7.1] AndroidManifest.xml:45:13-37
230        <service
230-->[androidx.work:work-runtime:2.7.1] AndroidManifest.xml:47:9-53:35
231            android:name="androidx.work.impl.background.systemjob.SystemJobService"
231-->[androidx.work:work-runtime:2.7.1] AndroidManifest.xml:48:13-84
232            android:directBootAware="false"
232-->[androidx.work:work-runtime:2.7.1] AndroidManifest.xml:49:13-44
233            android:enabled="@bool/enable_system_job_service_default"
233-->[androidx.work:work-runtime:2.7.1] AndroidManifest.xml:50:13-70
234            android:exported="true"
234-->[androidx.work:work-runtime:2.7.1] AndroidManifest.xml:51:13-36
235            android:permission="android.permission.BIND_JOB_SERVICE" />
235-->[androidx.work:work-runtime:2.7.1] AndroidManifest.xml:52:13-69
236        <service
236-->[androidx.work:work-runtime:2.7.1] AndroidManifest.xml:54:9-59:35
237            android:name="androidx.work.impl.foreground.SystemForegroundService"
237-->[androidx.work:work-runtime:2.7.1] AndroidManifest.xml:55:13-81
238            android:directBootAware="false"
238-->[androidx.work:work-runtime:2.7.1] AndroidManifest.xml:56:13-44
239            android:enabled="@bool/enable_system_foreground_service_default"
239-->[androidx.work:work-runtime:2.7.1] AndroidManifest.xml:57:13-77
240            android:exported="false" />
240-->[androidx.work:work-runtime:2.7.1] AndroidManifest.xml:58:13-37
241
242        <receiver
242-->[androidx.work:work-runtime:2.7.1] AndroidManifest.xml:61:9-66:35
243            android:name="androidx.work.impl.utils.ForceStopRunnable$BroadcastReceiver"
243-->[androidx.work:work-runtime:2.7.1] AndroidManifest.xml:62:13-88
244            android:directBootAware="false"
244-->[androidx.work:work-runtime:2.7.1] AndroidManifest.xml:63:13-44
245            android:enabled="true"
245-->[androidx.work:work-runtime:2.7.1] AndroidManifest.xml:64:13-35
246            android:exported="false" />
246-->[androidx.work:work-runtime:2.7.1] AndroidManifest.xml:65:13-37
247        <receiver
247-->[androidx.work:work-runtime:2.7.1] AndroidManifest.xml:67:9-77:20
248            android:name="androidx.work.impl.background.systemalarm.ConstraintProxy$BatteryChargingProxy"
248-->[androidx.work:work-runtime:2.7.1] AndroidManifest.xml:68:13-106
249            android:directBootAware="false"
249-->[androidx.work:work-runtime:2.7.1] AndroidManifest.xml:69:13-44
250            android:enabled="false"
250-->[androidx.work:work-runtime:2.7.1] AndroidManifest.xml:70:13-36
251            android:exported="false" >
251-->[androidx.work:work-runtime:2.7.1] AndroidManifest.xml:71:13-37
252            <intent-filter>
252-->[androidx.work:work-runtime:2.7.1] AndroidManifest.xml:73:13-76:29
253                <action android:name="android.intent.action.ACTION_POWER_CONNECTED" />
253-->[androidx.work:work-runtime:2.7.1] AndroidManifest.xml:74:17-87
253-->[androidx.work:work-runtime:2.7.1] AndroidManifest.xml:74:25-84
254                <action android:name="android.intent.action.ACTION_POWER_DISCONNECTED" />
254-->[androidx.work:work-runtime:2.7.1] AndroidManifest.xml:75:17-90
254-->[androidx.work:work-runtime:2.7.1] AndroidManifest.xml:75:25-87
255            </intent-filter>
256        </receiver>
257        <receiver
257-->[androidx.work:work-runtime:2.7.1] AndroidManifest.xml:78:9-88:20
258            android:name="androidx.work.impl.background.systemalarm.ConstraintProxy$BatteryNotLowProxy"
258-->[androidx.work:work-runtime:2.7.1] AndroidManifest.xml:79:13-104
259            android:directBootAware="false"
259-->[androidx.work:work-runtime:2.7.1] AndroidManifest.xml:80:13-44
260            android:enabled="false"
260-->[androidx.work:work-runtime:2.7.1] AndroidManifest.xml:81:13-36
261            android:exported="false" >
261-->[androidx.work:work-runtime:2.7.1] AndroidManifest.xml:82:13-37
262            <intent-filter>
262-->[androidx.work:work-runtime:2.7.1] AndroidManifest.xml:84:13-87:29
263                <action android:name="android.intent.action.BATTERY_OKAY" />
263-->[androidx.work:work-runtime:2.7.1] AndroidManifest.xml:85:17-77
263-->[androidx.work:work-runtime:2.7.1] AndroidManifest.xml:85:25-74
264                <action android:name="android.intent.action.BATTERY_LOW" />
264-->[androidx.work:work-runtime:2.7.1] AndroidManifest.xml:86:17-76
264-->[androidx.work:work-runtime:2.7.1] AndroidManifest.xml:86:25-73
265            </intent-filter>
266        </receiver>
267        <receiver